<?xml version="1.0" encoding="UTF-8"?>
<testsuite name="de.htw.webtechdemo.WebtechDemoApplicationTests" tests="1" skipped="0" failures="0" errors="0" timestamp="2022-04-06T12:46:54" hostname="LAPTOP-978813A4" time="1.028">
  <properties/>
  <testcase name="contextLoads()" classname="de.htw.webtechdemo.WebtechDemoApplicationTests" time="1.028"/>
  <system-out><![CDATA[14:46:50.443 [Test worker] DEBUG org.springframework.test.context.BootstrapUtils - Instantiating CacheAwareContextLoaderDelegate from class [org.springframework.test.context.cache.DefaultCacheAwareContextLoaderDelegate]
14:46:50.463 [Test worker] DEBUG org.springframework.test.context.BootstrapUtils - Instantiating BootstrapContext using constructor [public org.springframework.test.context.support.DefaultBootstrapContext(java.lang.Class,org.springframework.test.context.CacheAwareContextLoaderDelegate)]
14:46:50.528 [Test worker] DEBUG org.springframework.test.context.BootstrapUtils - Instantiating TestContextBootstrapper for test class [de.htw.webtechdemo.WebtechDemoApplicationTests] from class [org.springframework.boot.test.context.SpringBootTestContextBootstrapper]
14:46:50.563 [Test worker] INFO org.springframework.boot.test.context.SpringBootTestContextBootstrapper - Neither @ContextConfiguration nor @ContextHierarchy found for test class [de.htw.webtechdemo.WebtechDemoApplicationTests], using SpringBootContextLoader
14:46:50.563 [Test worker] DEBUG org.springframework.test.context.support.AbstractContextLoader - Did not detect default resource location for test class [de.htw.webtechdemo.WebtechDemoApplicationTests]: class path resource [de/htw/webtechdemo/WebtechDemoApplicationTests-context.xml] does not exist
14:46:50.563 [Test worker] DEBUG org.springframework.test.context.support.AbstractContextLoader - Did not detect default resource location for test class [de.htw.webtechdemo.WebtechDemoApplicationTests]: class path resource [de/htw/webtechdemo/WebtechDemoApplicationTestsContext.groovy] does not exist
14:46:50.563 [Test worker] INFO org.springframework.test.context.support.AbstractContextLoader - Could not detect default resource locations for test class [de.htw.webtechdemo.WebtechDemoApplicationTests]: no resource found for suffixes {-context.xml, Context.groovy}.
14:46:50.563 [Test worker] INFO org.springframework.test.context.support.AnnotationConfigContextLoaderUtils - Could not detect default configuration classes for test class [de.htw.webtechdemo.WebtechDemoApplicationTests]: WebtechDemoApplicationTests does not declare any static, non-private, non-final, nested classes annotated with @Configuration.
14:46:50.642 [Test worker] DEBUG org.springframework.test.context.support.ActiveProfilesUtils - Could not find an 'annotation declaring class' for annotation type [org.springframework.test.context.ActiveProfiles] and class [de.htw.webtechdemo.WebtechDemoApplicationTests]
14:46:50.742 [Test worker] DEBUG org.springframework.context.annotation.ClassPathScanningCandidateComponentProvider - Identified candidate component class: file [C:\Users\User\webtech-backend-example\build\classes\java\main\de\htw\webtechdemo\WebtechDemoApplication.class]
14:46:50.742 [Test worker] INFO org.springframework.boot.test.context.SpringBootTestContextBootstrapper - Found @SpringBootConfiguration de.htw.webtechdemo.WebtechDemoApplication for test class de.htw.webtechdemo.WebtechDemoApplicationTests
14:46:50.943 [Test worker] DEBUG org.springframework.boot.test.context.SpringBootTestContextBootstrapper - @TestExecutionListeners is not present for class [de.htw.webtechdemo.WebtechDemoApplicationTests]: using defaults.
14:46:50.943 [Test worker] INFO org.springframework.boot.test.context.SpringBootTestContextBootstrapper - Loaded default TestExecutionListener class names from location [META-INF/spring.factories]: [org.springframework.boot.test.autoconfigure.restdocs.RestDocsTestExecutionListener, org.springframework.boot.test.autoconfigure.web.client.MockRestServiceServerResetTestExecutionListener, org.springframework.boot.test.autoconfigure.web.servlet.MockMvcPrintOnlyOnFailureTestExecutionListener, org.springframework.boot.test.autoconfigure.web.servlet.WebDriverTestExecutionListener, org.springframework.boot.test.autoconfigure.webservices.client.MockWebServiceServerTestExecutionListener, org.springframework.boot.test.mock.mockito.MockitoTestExecutionListener, org.springframework.boot.test.mock.mockito.ResetMocksTestExecutionListener, org.springframework.test.context.web.ServletTestExecutionListener, org.springframework.test.context.support.DirtiesContextBeforeModesTestExecutionListener, org.springframework.test.context.event.ApplicationEventsTestExecutionListener, org.springframework.test.context.support.DependencyInjectionTestExecutionListener, org.springframework.test.context.support.DirtiesContextTestExecutionListener, org.springframework.test.context.transaction.TransactionalTestExecutionListener, org.springframework.test.context.jdbc.SqlScriptsTestExecutionListener, org.springframework.test.context.event.EventPublishingTestExecutionListener]
14:46:50.964 [Test worker] DEBUG org.springframework.boot.test.context.SpringBootTestContextBootstrapper - Skipping candidate TestExecutionListener [org.springframework.test.context.transaction.TransactionalTestExecutionListener] due to a missing dependency. Specify custom listener classes or make the default listener classes and their required dependencies available. Offending class: [org/springframework/transaction/interceptor/TransactionAttributeSource]
14:46:50.964 [Test worker] DEBUG org.springframework.boot.test.context.SpringBootTestContextBootstrapper - Skipping candidate TestExecutionListener [org.springframework.test.context.jdbc.SqlScriptsTestExecutionListener] due to a missing dependency. Specify custom listener classes or make the default listener classes and their required dependencies available. Offending class: [org/springframework/transaction/interceptor/TransactionAttribute]
14:46:50.964 [Test worker] INFO org.springframework.boot.test.context.SpringBootTestContextBootstrapper - Using TestExecutionListeners: [org.springframework.test.context.web.ServletTestExecutionListener@426b6a74, org.springframework.test.context.support.DirtiesContextBeforeModesTestExecutionListener@4c51bb7, org.springframework.test.context.event.ApplicationEventsTestExecutionListener@83298d7, org.springframework.boot.test.mock.mockito.MockitoTestExecutionListener@42a9e5d1, org.springframework.boot.test.autoconfigure.SpringBootDependencyInjectionTestExecutionListener@5b080f3a, org.springframework.test.context.support.DirtiesContextTestExecutionListener@773cbf4f, org.springframework.test.context.event.EventPublishingTestExecutionListener@6b54655f, org.springframework.boot.test.autoconfigure.restdocs.RestDocsTestExecutionListener@665e9289, org.springframework.boot.test.autoconfigure.web.client.MockRestServiceServerResetTestExecutionListener@7d3430a7, org.springframework.boot.test.autoconfigure.web.servlet.MockMvcPrintOnlyOnFailureTestExecutionListener@6f603e89, org.springframework.boot.test.autoconfigure.web.servlet.WebDriverTestExecutionListener@2756c0a7, org.springframework.boot.test.autoconfigure.webservices.client.MockWebServiceServerTestExecutionListener@350ec41e, org.springframework.boot.test.mock.mockito.ResetMocksTestExecutionListener@69637b10]
14:46:50.979 [Test worker] DEBUG org.springframework.test.context.support.AbstractDirtiesContextTestExecutionListener - Before test class: context [DefaultTestContext@64df9a61 testClass = WebtechDemoApplicationTests, testInstance = [null], testMethod = [null], testException = [null], mergedContextConfiguration = [WebMergedContextConfiguration@77602954 testClass = WebtechDemoApplicationTests, locations = '{}', classes = '{class de.htw.webtechdemo.WebtechDemoApplication}', contextInitializerClasses = '[]', activeProfiles = '{}', propertySourceLocations = '{}', propertySourceProperties = '{org.springframework.boot.test.context.SpringBootTestContextBootstrapper=true}', contextCustomizers = set[org.springframework.boot.test.autoconfigure.actuate.metrics.MetricsExportContextCustomizerFactory$DisableMetricExportContextCustomizer@77102b91, org.springframework.boot.test.autoconfigure.properties.PropertyMappingContextCustomizer@0, org.springframework.boot.test.autoconfigure.web.servlet.WebDriverContextCustomizerFactory$Customizer@6f63b475, org.springframework.boot.test.context.filter.ExcludeFilterContextCustomizer@b2c5e07, org.springframework.boot.test.json.DuplicateJsonObjectContextCustomizerFactory$DuplicateJsonObjectContextCustomizer@3c7c886c, org.springframework.boot.test.mock.mockito.MockitoContextCustomizer@0, org.springframework.boot.test.web.client.TestRestTemplateContextCustomizer@29a0cdb, org.springframework.boot.test.context.SpringBootTestArgs@1, org.springframework.boot.test.context.SpringBootTestWebEnvironment@747edf66], resourceBasePath = 'src/main/webapp', contextLoader = 'org.springframework.boot.test.context.SpringBootContextLoader', parent = [null]], attributes = map['org.springframework.test.context.web.ServletTestExecutionListener.activateListener' -> true]], class annotated with @DirtiesContext [false] with mode [null].

  .   ____          _            __ _ _
 /\\ / ___'_ __ _ _(_)_ __  __ _ \ \ \ \
( ( )\___ | '_ | '_| | '_ \/ _` | \ \ \ \
 \\/  ___)| |_)| | | | | || (_| |  ) ) ) )
  '  |____| .__|_| |_|_| |_\__, | / / / /
 =========|_|==============|___/=/_/_/_/
 :: Spring Boot ::                (v2.6.6)

2022-04-06 14:46:51.453  INFO 10936 --- [    Test worker] d.h.w.WebtechDemoApplicationTests        : Starting WebtechDemoApplicationTests using Java 16.0.1 on LAPTOP-978813A4 with PID 10936 (started by User in C:\Users\User\webtech-backend-example)
2022-04-06 14:46:51.453  INFO 10936 --- [    Test worker] d.h.w.WebtechDemoApplicationTests        : No active profile set, falling back to 1 default profile: "default"
2022-04-06 14:46:54.244  INFO 10936 --- [    Test worker] d.h.w.WebtechDemoApplicationTests        : Started WebtechDemoApplicationTests in 3.206 seconds (JVM running for 5.097)
]]></system-out>
  <system-err><![CDATA[]]></system-err>
</testsuite>
